{"/Users/alma.alatorre/Documents/Apprenticeship/react-apprenticeship-capstone1/src/index.js": {"path":"/Users/alma.alatorre/Documents/Apprenticeship/react-apprenticeship-capstone1/src/index.js","statementMap":{"0":{"start":{"line":7,"column":0},"end":{"line":12,"column":2}}},"fnMap":{},"branchMap":{},"s":{"0":0},"f":{},"b":{},"hash":"151a1ab7bc2539a2672588d5e04b3bb71cc2cfba"}
,"/Users/alma.alatorre/Documents/Apprenticeship/react-apprenticeship-capstone1/src/components/App/App.component.jsx": {"path":"/Users/alma.alatorre/Documents/Apprenticeship/react-apprenticeship-capstone1/src/components/App/App.component.jsx","statementMap":{"0":{"start":{"line":13,"column":40},"end":{"line":13,"column":60}},"1":{"start":{"line":14,"column":16},"end":{"line":14,"column":47}},"2":{"start":{"line":16,"column":34},"end":{"line":16,"column":49}},"3":{"start":{"line":18,"column":42},"end":{"line":23,"column":4}},"4":{"start":{"line":25,"column":21},"end":{"line":30,"column":3}},"5":{"start":{"line":31,"column":2},"end":{"line":42,"column":4}}},"fnMap":{"0":{"name":"App","decl":{"start":{"line":12,"column":9},"end":{"line":12,"column":12}},"loc":{"start":{"line":12,"column":15},"end":{"line":43,"column":1}},"line":12}},"branchMap":{"0":{"loc":{"start":{"line":36,"column":11},"end":{"line":36,"column":69}},"type":"binary-expr","locations":[{"start":{"line":36,"column":11},"end":{"line":36,"column":20}},{"start":{"line":36,"column":24},"end":{"line":36,"column":69}}],"line":36},"1":{"loc":{"start":{"line":37,"column":11},"end":{"line":37,"column":43}},"type":"binary-expr","locations":[{"start":{"line":37,"column":11},"end":{"line":37,"column":20}},{"start":{"line":37,"column":24},"end":{"line":37,"column":43}}],"line":37},"2":{"loc":{"start":{"line":38,"column":11},"end":{"line":38,"column":43}},"type":"binary-expr","locations":[{"start":{"line":38,"column":11},"end":{"line":38,"column":19}},{"start":{"line":38,"column":23},"end":{"line":38,"column":43}}],"line":38}},"s":{"0":0,"1":0,"2":0,"3":0,"4":0,"5":0},"f":{"0":0},"b":{"0":[0,0],"1":[0,0],"2":[0,0]},"hash":"1de231d50961f89e1b089ece041922b0652ec3d7"}
,"/Users/alma.alatorre/Documents/Apprenticeship/react-apprenticeship-capstone1/src/components/App/index.js": {"path":"/Users/alma.alatorre/Documents/Apprenticeship/react-apprenticeship-capstone1/src/components/App/index.js","statementMap":{},"fnMap":{},"branchMap":{},"s":{},"f":{},"b":{},"hash":"0ee663f0f75e2bce6c31e35ca8e2978c3c9186c6"}
,"/Users/alma.alatorre/Documents/Apprenticeship/react-apprenticeship-capstone1/src/components/BurgerMenu/BurgerMenu.component.jsx": {"path":"/Users/alma.alatorre/Documents/Apprenticeship/react-apprenticeship-capstone1/src/components/BurgerMenu/BurgerMenu.component.jsx","statementMap":{"0":{"start":{"line":5,"column":19},"end":{"line":13,"column":1}},"1":{"start":{"line":6,"column":2},"end":{"line":12,"column":4}}},"fnMap":{"0":{"name":"(anonymous_0)","decl":{"start":{"line":5,"column":19},"end":{"line":5,"column":20}},"loc":{"start":{"line":5,"column":25},"end":{"line":13,"column":1}},"line":5}},"branchMap":{},"s":{"0":2,"1":3},"f":{"0":3},"b":{},"_coverageSchema":"43e27e138ebf9cfc5966b082cf9a028302ed4184","hash":"e561101dfb618f9c0428e9636c491864c143b115"}
,"/Users/alma.alatorre/Documents/Apprenticeship/react-apprenticeship-capstone1/src/components/BurgerMenu/BurgerMenu.styled.js": {"path":"/Users/alma.alatorre/Documents/Apprenticeship/react-apprenticeship-capstone1/src/components/BurgerMenu/BurgerMenu.styled.js","statementMap":{"0":{"start":{"line":3,"column":24},"end":{"line":14,"column":1}},"1":{"start":{"line":16,"column":19},"end":{"line":21,"column":1}}},"fnMap":{},"branchMap":{},"s":{"0":2,"1":2},"f":{},"b":{},"_coverageSchema":"43e27e138ebf9cfc5966b082cf9a028302ed4184","hash":"49578f22cdb19a9a1e031827a46bb74cd4c5837c"}
,"/Users/alma.alatorre/Documents/Apprenticeship/react-apprenticeship-capstone1/src/components/BurgerMenu/index.js": {"path":"/Users/alma.alatorre/Documents/Apprenticeship/react-apprenticeship-capstone1/src/components/BurgerMenu/index.js","statementMap":{},"fnMap":{},"branchMap":{},"s":{},"f":{},"b":{},"_coverageSchema":"43e27e138ebf9cfc5966b082cf9a028302ed4184","hash":"8c21ccfc5fde962e3595e2055bf80d4a0343e08e"}
,"/Users/alma.alatorre/Documents/Apprenticeship/react-apprenticeship-capstone1/src/components/DarkModeToggle/DarkModeToggle.component.jsx": {"path":"/Users/alma.alatorre/Documents/Apprenticeship/react-apprenticeship-capstone1/src/components/DarkModeToggle/DarkModeToggle.component.jsx","statementMap":{"0":{"start":{"line":11,"column":23},"end":{"line":23,"column":1}},"1":{"start":{"line":12,"column":2},"end":{"line":22,"column":4}}},"fnMap":{"0":{"name":"(anonymous_0)","decl":{"start":{"line":11,"column":23},"end":{"line":11,"column":24}},"loc":{"start":{"line":11,"column":29},"end":{"line":23,"column":1}},"line":11}},"branchMap":{},"s":{"0":2,"1":2},"f":{"0":2},"b":{},"_coverageSchema":"43e27e138ebf9cfc5966b082cf9a028302ed4184","hash":"04c553111e6428db1a5d8dda2919ddd6c7e9d87d"}
,"/Users/alma.alatorre/Documents/Apprenticeship/react-apprenticeship-capstone1/src/components/DarkModeToggle/DarkModeToggle.styled.js": {"path":"/Users/alma.alatorre/Documents/Apprenticeship/react-apprenticeship-capstone1/src/components/DarkModeToggle/DarkModeToggle.styled.js","statementMap":{"0":{"start":{"line":3,"column":21},"end":{"line":8,"column":1}},"1":{"start":{"line":12,"column":24},"end":{"line":19,"column":1}},"2":{"start":{"line":21,"column":22},"end":{"line":32,"column":1}},"3":{"start":{"line":34,"column":22},"end":{"line":46,"column":1}},"4":{"start":{"line":48,"column":21},"end":{"line":58,"column":1}}},"fnMap":{},"branchMap":{},"s":{"0":2,"1":2,"2":2,"3":2,"4":2},"f":{},"b":{},"_coverageSchema":"43e27e138ebf9cfc5966b082cf9a028302ed4184","hash":"f542298e82bc356e2a7223bf6352719a7f77d78d"}
,"/Users/alma.alatorre/Documents/Apprenticeship/react-apprenticeship-capstone1/src/components/DarkModeToggle/index.js": {"path":"/Users/alma.alatorre/Documents/Apprenticeship/react-apprenticeship-capstone1/src/components/DarkModeToggle/index.js","statementMap":{},"fnMap":{},"branchMap":{},"s":{},"f":{},"b":{},"_coverageSchema":"43e27e138ebf9cfc5966b082cf9a028302ed4184","hash":"3d7b478e3986eb2e968b7adb4fd536af4f120664"}
,"/Users/alma.alatorre/Documents/Apprenticeship/react-apprenticeship-capstone1/src/components/Header/Header.component.jsx": {"path":"/Users/alma.alatorre/Documents/Apprenticeship/react-apprenticeship-capstone1/src/components/Header/Header.component.jsx","statementMap":{"0":{"start":{"line":10,"column":15},"end":{"line":19,"column":1}},"1":{"start":{"line":11,"column":2},"end":{"line":18,"column":4}}},"fnMap":{"0":{"name":"(anonymous_0)","decl":{"start":{"line":10,"column":15},"end":{"line":10,"column":16}},"loc":{"start":{"line":10,"column":21},"end":{"line":19,"column":1}},"line":10}},"branchMap":{},"s":{"0":1,"1":1},"f":{"0":1},"b":{},"_coverageSchema":"43e27e138ebf9cfc5966b082cf9a028302ed4184","hash":"1aba8cc1b3a96c6bc2cdc53372f65df2bb414a26"}
,"/Users/alma.alatorre/Documents/Apprenticeship/react-apprenticeship-capstone1/src/components/Header/Header.styled.js": {"path":"/Users/alma.alatorre/Documents/Apprenticeship/react-apprenticeship-capstone1/src/components/Header/Header.styled.js","statementMap":{"0":{"start":{"line":3,"column":21},"end":{"line":11,"column":1}}},"fnMap":{},"branchMap":{},"s":{"0":1},"f":{},"b":{},"_coverageSchema":"43e27e138ebf9cfc5966b082cf9a028302ed4184","hash":"f81477740a8860acb6fef22235f35c4cb477c0b0"}
,"/Users/alma.alatorre/Documents/Apprenticeship/react-apprenticeship-capstone1/src/components/Header/index.js": {"path":"/Users/alma.alatorre/Documents/Apprenticeship/react-apprenticeship-capstone1/src/components/Header/index.js","statementMap":{},"fnMap":{},"branchMap":{},"s":{},"f":{},"b":{},"hash":"c22045af2abc0f00587bda9d0c223a92bc300939"}
,"/Users/alma.alatorre/Documents/Apprenticeship/react-apprenticeship-capstone1/src/components/Heading/Heading.component.jsx": {"path":"/Users/alma.alatorre/Documents/Apprenticeship/react-apprenticeship-capstone1/src/components/Heading/Heading.component.jsx","statementMap":{"0":{"start":{"line":5,"column":16},"end":{"line":7,"column":1}},"1":{"start":{"line":6,"column":2},"end":{"line":6,"column":53}}},"fnMap":{"0":{"name":"(anonymous_0)","decl":{"start":{"line":5,"column":16},"end":{"line":5,"column":17}},"loc":{"start":{"line":5,"column":27},"end":{"line":7,"column":1}},"line":5}},"branchMap":{},"s":{"0":1,"1":2},"f":{"0":2},"b":{},"_coverageSchema":"43e27e138ebf9cfc5966b082cf9a028302ed4184","hash":"77cc1978d6cfdaaa0f24907b330974905981017f"}
,"/Users/alma.alatorre/Documents/Apprenticeship/react-apprenticeship-capstone1/src/components/Heading/Heading.styled.js": {"path":"/Users/alma.alatorre/Documents/Apprenticeship/react-apprenticeship-capstone1/src/components/Heading/Heading.styled.js","statementMap":{"0":{"start":{"line":3,"column":14},"end":{"line":17,"column":1}}},"fnMap":{},"branchMap":{},"s":{"0":1},"f":{},"b":{},"_coverageSchema":"43e27e138ebf9cfc5966b082cf9a028302ed4184","hash":"bdbae17e52f9e670092fdd97429bc0052e43709d"}
,"/Users/alma.alatorre/Documents/Apprenticeship/react-apprenticeship-capstone1/src/components/Heading/index.js": {"path":"/Users/alma.alatorre/Documents/Apprenticeship/react-apprenticeship-capstone1/src/components/Heading/index.js","statementMap":{},"fnMap":{},"branchMap":{},"s":{},"f":{},"b":{},"hash":"96a2f70404ec2f78451dac95e547744b37059092"}
,"/Users/alma.alatorre/Documents/Apprenticeship/react-apprenticeship-capstone1/src/components/LoginAvatar/LoginAvatar.component.jsx": {"path":"/Users/alma.alatorre/Documents/Apprenticeship/react-apprenticeship-capstone1/src/components/LoginAvatar/LoginAvatar.component.jsx","statementMap":{"0":{"start":{"line":6,"column":20},"end":{"line":13,"column":1}},"1":{"start":{"line":7,"column":2},"end":{"line":12,"column":4}}},"fnMap":{"0":{"name":"(anonymous_0)","decl":{"start":{"line":6,"column":20},"end":{"line":6,"column":21}},"loc":{"start":{"line":6,"column":31},"end":{"line":13,"column":1}},"line":6}},"branchMap":{"0":{"loc":{"start":{"line":9,"column":11},"end":{"line":9,"column":60}},"type":"cond-expr","locations":[{"start":{"line":9,"column":29},"end":{"line":9,"column":44}},{"start":{"line":9,"column":47},"end":{"line":9,"column":60}}],"line":9}},"s":{"0":2,"1":2},"f":{"0":2},"b":{"0":[1,1]},"_coverageSchema":"43e27e138ebf9cfc5966b082cf9a028302ed4184","hash":"f479e12ac60a65517c3f1b2377fea166479242cd"}
,"/Users/alma.alatorre/Documents/Apprenticeship/react-apprenticeship-capstone1/src/components/LoginAvatar/LoginAvatar.styled.js": {"path":"/Users/alma.alatorre/Documents/Apprenticeship/react-apprenticeship-capstone1/src/components/LoginAvatar/LoginAvatar.styled.js","statementMap":{"0":{"start":{"line":3,"column":18},"end":{"line":11,"column":1}}},"fnMap":{},"branchMap":{},"s":{"0":2},"f":{},"b":{},"_coverageSchema":"43e27e138ebf9cfc5966b082cf9a028302ed4184","hash":"f334ea9de87d6eacd8f20b6e4d8c2492c7bf35c8"}
,"/Users/alma.alatorre/Documents/Apprenticeship/react-apprenticeship-capstone1/src/components/LoginAvatar/index.js": {"path":"/Users/alma.alatorre/Documents/Apprenticeship/react-apprenticeship-capstone1/src/components/LoginAvatar/index.js","statementMap":{},"fnMap":{},"branchMap":{},"s":{},"f":{},"b":{},"_coverageSchema":"43e27e138ebf9cfc5966b082cf9a028302ed4184","hash":"86423272b3116b89cf53a118ea48663be2c909d6"}
,"/Users/alma.alatorre/Documents/Apprenticeship/react-apprenticeship-capstone1/src/components/MainContainer/MainContainer.component.jsx": {"path":"/Users/alma.alatorre/Documents/Apprenticeship/react-apprenticeship-capstone1/src/components/MainContainer/MainContainer.component.jsx","statementMap":{"0":{"start":{"line":5,"column":22},"end":{"line":11,"column":1}},"1":{"start":{"line":6,"column":2},"end":{"line":10,"column":4}}},"fnMap":{"0":{"name":"(anonymous_0)","decl":{"start":{"line":5,"column":22},"end":{"line":5,"column":23}},"loc":{"start":{"line":5,"column":33},"end":{"line":11,"column":1}},"line":5}},"branchMap":{},"s":{"0":1,"1":1},"f":{"0":1},"b":{},"_coverageSchema":"43e27e138ebf9cfc5966b082cf9a028302ed4184","hash":"04dff842923130942e716d7d83c15d00ca680560"}
,"/Users/alma.alatorre/Documents/Apprenticeship/react-apprenticeship-capstone1/src/components/MainContainer/MainContainer.styled.js": {"path":"/Users/alma.alatorre/Documents/Apprenticeship/react-apprenticeship-capstone1/src/components/MainContainer/MainContainer.styled.js","statementMap":{"0":{"start":{"line":3,"column":28},"end":{"line":12,"column":1}}},"fnMap":{},"branchMap":{},"s":{"0":1},"f":{},"b":{},"_coverageSchema":"43e27e138ebf9cfc5966b082cf9a028302ed4184","hash":"173efda3439e78dfa7d943094b2ae4380d8e70a3"}
,"/Users/alma.alatorre/Documents/Apprenticeship/react-apprenticeship-capstone1/src/components/MainContainer/index.js": {"path":"/Users/alma.alatorre/Documents/Apprenticeship/react-apprenticeship-capstone1/src/components/MainContainer/index.js","statementMap":{},"fnMap":{},"branchMap":{},"s":{},"f":{},"b":{},"hash":"04aa61c6f9e2f203b7799e44ed367aebf6392b91"}
,"/Users/alma.alatorre/Documents/Apprenticeship/react-apprenticeship-capstone1/src/components/Private/Private.component.jsx": {"path":"/Users/alma.alatorre/Documents/Apprenticeship/react-apprenticeship-capstone1/src/components/Private/Private.component.jsx","statementMap":{"0":{"start":{"line":8,"column":28},"end":{"line":8,"column":37}},"1":{"start":{"line":10,"column":2},"end":{"line":15,"column":4}},"2":{"start":{"line":13,"column":21},"end":{"line":13,"column":67}}},"fnMap":{"0":{"name":"Private","decl":{"start":{"line":7,"column":9},"end":{"line":7,"column":16}},"loc":{"start":{"line":7,"column":40},"end":{"line":16,"column":1}},"line":7},"1":{"name":"(anonymous_1)","decl":{"start":{"line":13,"column":14},"end":{"line":13,"column":15}},"loc":{"start":{"line":13,"column":21},"end":{"line":13,"column":67}},"line":13}},"branchMap":{"0":{"loc":{"start":{"line":13,"column":21},"end":{"line":13,"column":67}},"type":"cond-expr","locations":[{"start":{"line":13,"column":37},"end":{"line":13,"column":45}},{"start":{"line":13,"column":48},"end":{"line":13,"column":67}}],"line":13}},"s":{"0":0,"1":0,"2":0},"f":{"0":0,"1":0},"b":{"0":[0,0]},"hash":"962d49039f54433102aa901e2f31350c083fd406"}
,"/Users/alma.alatorre/Documents/Apprenticeship/react-apprenticeship-capstone1/src/components/Private/index.js": {"path":"/Users/alma.alatorre/Documents/Apprenticeship/react-apprenticeship-capstone1/src/components/Private/index.js","statementMap":{},"fnMap":{},"branchMap":{},"s":{},"f":{},"b":{},"hash":"18662ec90f1ee3f9463c260527275fe54102e3df"}
,"/Users/alma.alatorre/Documents/Apprenticeship/react-apprenticeship-capstone1/src/components/Searchbar/Searchbar.component.jsx": {"path":"/Users/alma.alatorre/Documents/Apprenticeship/react-apprenticeship-capstone1/src/components/Searchbar/Searchbar.component.jsx","statementMap":{"0":{"start":{"line":7,"column":18},"end":{"line":31,"column":1}},"1":{"start":{"line":8,"column":24},"end":{"line":8,"column":49}},"2":{"start":{"line":9,"column":30},"end":{"line":9,"column":61}},"3":{"start":{"line":10,"column":28},"end":{"line":10,"column":40}},"4":{"start":{"line":12,"column":29},"end":{"line":18,"column":3}},"5":{"start":{"line":13,"column":4},"end":{"line":17,"column":5}},"6":{"start":{"line":14,"column":6},"end":{"line":14,"column":42}},"7":{"start":{"line":15,"column":6},"end":{"line":15,"column":27}},"8":{"start":{"line":16,"column":6},"end":{"line":16,"column":45}},"9":{"start":{"line":20,"column":2},"end":{"line":30,"column":4}},"10":{"start":{"line":27,"column":8},"end":{"line":27,"column":35}}},"fnMap":{"0":{"name":"(anonymous_0)","decl":{"start":{"line":7,"column":18},"end":{"line":7,"column":19}},"loc":{"start":{"line":7,"column":24},"end":{"line":31,"column":1}},"line":7},"1":{"name":"(anonymous_1)","decl":{"start":{"line":12,"column":29},"end":{"line":12,"column":30}},"loc":{"start":{"line":12,"column":38},"end":{"line":18,"column":3}},"line":12},"2":{"name":"(anonymous_2)","decl":{"start":{"line":26,"column":16},"end":{"line":26,"column":17}},"loc":{"start":{"line":26,"column":25},"end":{"line":28,"column":7}},"line":26}},"branchMap":{"0":{"loc":{"start":{"line":13,"column":4},"end":{"line":17,"column":5}},"type":"if","locations":[{"start":{"line":13,"column":4},"end":{"line":17,"column":5}},{"start":{"line":13,"column":4},"end":{"line":17,"column":5}}],"line":13}},"s":{"0":2,"1":2,"2":2,"3":2,"4":2,"5":0,"6":0,"7":0,"8":0,"9":2,"10":0},"f":{"0":2,"1":0,"2":0},"b":{"0":[0,0]},"_coverageSchema":"43e27e138ebf9cfc5966b082cf9a028302ed4184","hash":"c72b1ca24178e6f704ddc9a155f1bd8fa5e87c52"}
,"/Users/alma.alatorre/Documents/Apprenticeship/react-apprenticeship-capstone1/src/components/Searchbar/Searchbar.styled.js": {"path":"/Users/alma.alatorre/Documents/Apprenticeship/react-apprenticeship-capstone1/src/components/Searchbar/Searchbar.styled.js","statementMap":{"0":{"start":{"line":3,"column":23},"end":{"line":28,"column":1}}},"fnMap":{},"branchMap":{},"s":{"0":2},"f":{},"b":{},"_coverageSchema":"43e27e138ebf9cfc5966b082cf9a028302ed4184","hash":"77c413ba8cf26319184c1ac0a911189d30a42deb"}
,"/Users/alma.alatorre/Documents/Apprenticeship/react-apprenticeship-capstone1/src/components/Searchbar/index.js": {"path":"/Users/alma.alatorre/Documents/Apprenticeship/react-apprenticeship-capstone1/src/components/Searchbar/index.js","statementMap":{},"fnMap":{},"branchMap":{},"s":{},"f":{},"b":{},"_coverageSchema":"43e27e138ebf9cfc5966b082cf9a028302ed4184","hash":"a6c26b9c27d689e85470bdbb88cf6ecb5ebdabf1"}
,"/Users/alma.alatorre/Documents/Apprenticeship/react-apprenticeship-capstone1/src/components/VideoCard/VideoCard.component.jsx": {"path":"/Users/alma.alatorre/Documents/Apprenticeship/react-apprenticeship-capstone1/src/components/VideoCard/VideoCard.component.jsx","statementMap":{"0":{"start":{"line":11,"column":18},"end":{"line":35,"column":1}},"1":{"start":{"line":12,"column":30},"end":{"line":12,"column":67}},"2":{"start":{"line":13,"column":25},"end":{"line":21,"column":3}},"3":{"start":{"line":14,"column":4},"end":{"line":18,"column":7}},"4":{"start":{"line":19,"column":4},"end":{"line":19,"column":53}},"5":{"start":{"line":20,"column":4},"end":{"line":20,"column":42}},"6":{"start":{"line":23,"column":2},"end":{"line":34,"column":4}}},"fnMap":{"0":{"name":"(anonymous_0)","decl":{"start":{"line":11,"column":18},"end":{"line":11,"column":19}},"loc":{"start":{"line":11,"column":29},"end":{"line":35,"column":1}},"line":11},"1":{"name":"(anonymous_1)","decl":{"start":{"line":13,"column":25},"end":{"line":13,"column":26}},"loc":{"start":{"line":13,"column":31},"end":{"line":21,"column":3}},"line":13}},"branchMap":{},"s":{"0":2,"1":4,"2":4,"3":0,"4":0,"5":0,"6":4},"f":{"0":4,"1":0},"b":{},"_coverageSchema":"43e27e138ebf9cfc5966b082cf9a028302ed4184","hash":"8562846ff649865458626faeb5902a9498b6e171"}
,"/Users/alma.alatorre/Documents/Apprenticeship/react-apprenticeship-capstone1/src/components/VideoCard/VideoCard.styled.js": {"path":"/Users/alma.alatorre/Documents/Apprenticeship/react-apprenticeship-capstone1/src/components/VideoCard/VideoCard.styled.js","statementMap":{"0":{"start":{"line":3,"column":24},"end":{"line":17,"column":1}},"1":{"start":{"line":19,"column":23},"end":{"line":28,"column":1}},"2":{"start":{"line":27,"column":24},"end":{"line":27,"column":33}},"3":{"start":{"line":30,"column":19},"end":{"line":35,"column":1}},"4":{"start":{"line":37,"column":25},"end":{"line":42,"column":1}}},"fnMap":{"0":{"name":"(anonymous_0)","decl":{"start":{"line":27,"column":13},"end":{"line":27,"column":14}},"loc":{"start":{"line":27,"column":24},"end":{"line":27,"column":33}},"line":27}},"branchMap":{},"s":{"0":2,"1":2,"2":4,"3":2,"4":2},"f":{"0":4},"b":{},"_coverageSchema":"43e27e138ebf9cfc5966b082cf9a028302ed4184","hash":"5189306adeb82e08a1f9870acb7490a1a3e45e52"}
,"/Users/alma.alatorre/Documents/Apprenticeship/react-apprenticeship-capstone1/src/components/VideoCard/index.js": {"path":"/Users/alma.alatorre/Documents/Apprenticeship/react-apprenticeship-capstone1/src/components/VideoCard/index.js","statementMap":{},"fnMap":{},"branchMap":{},"s":{},"f":{},"b":{},"_coverageSchema":"43e27e138ebf9cfc5966b082cf9a028302ed4184","hash":"60a7a45e06d28cb29736514ef6f19112feb29ec4"}
,"/Users/alma.alatorre/Documents/Apprenticeship/react-apprenticeship-capstone1/src/components/VideoDetailsCard/VideoDetailsCard.component.js": {"path":"/Users/alma.alatorre/Documents/Apprenticeship/react-apprenticeship-capstone1/src/components/VideoDetailsCard/VideoDetailsCard.component.js","statementMap":{"0":{"start":{"line":4,"column":25},"end":{"line":21,"column":1}},"1":{"start":{"line":5,"column":30},"end":{"line":5,"column":61}},"2":{"start":{"line":6,"column":2},"end":{"line":20,"column":4}}},"fnMap":{"0":{"name":"(anonymous_0)","decl":{"start":{"line":4,"column":25},"end":{"line":4,"column":26}},"loc":{"start":{"line":4,"column":31},"end":{"line":21,"column":1}},"line":4}},"branchMap":{},"s":{"0":0,"1":0,"2":0},"f":{"0":0},"b":{},"hash":"518dc19d0b00eb2bea7fcb37b16a8ab81c5e38a5"}
,"/Users/alma.alatorre/Documents/Apprenticeship/react-apprenticeship-capstone1/src/components/VideoDetailsCard/index.js": {"path":"/Users/alma.alatorre/Documents/Apprenticeship/react-apprenticeship-capstone1/src/components/VideoDetailsCard/index.js","statementMap":{},"fnMap":{},"branchMap":{},"s":{},"f":{},"b":{},"hash":"3f727a64d1a55c9a9ab379deac0e665da5afffea"}
,"/Users/alma.alatorre/Documents/Apprenticeship/react-apprenticeship-capstone1/src/components/VideoDetailsView/VideoDetailsView.component.js": {"path":"/Users/alma.alatorre/Documents/Apprenticeship/react-apprenticeship-capstone1/src/components/VideoDetailsView/VideoDetailsView.component.js","statementMap":{"0":{"start":{"line":5,"column":25},"end":{"line":12,"column":1}},"1":{"start":{"line":6,"column":2},"end":{"line":11,"column":4}}},"fnMap":{"0":{"name":"(anonymous_0)","decl":{"start":{"line":5,"column":25},"end":{"line":5,"column":26}},"loc":{"start":{"line":5,"column":31},"end":{"line":12,"column":1}},"line":5}},"branchMap":{},"s":{"0":0,"1":0},"f":{"0":0},"b":{},"hash":"34345f7efea1d4d0dc9b6cfb250f2f9dedd4f044"}
,"/Users/alma.alatorre/Documents/Apprenticeship/react-apprenticeship-capstone1/src/components/VideoDetailsView/index.js": {"path":"/Users/alma.alatorre/Documents/Apprenticeship/react-apprenticeship-capstone1/src/components/VideoDetailsView/index.js","statementMap":{},"fnMap":{},"branchMap":{},"s":{},"f":{},"b":{},"hash":"333ee386419d631b0dadb9827db595bcf280f627"}
,"/Users/alma.alatorre/Documents/Apprenticeship/react-apprenticeship-capstone1/src/components/VideoRecomendationsList/VideoRecommendationsList.component.js": {"path":"/Users/alma.alatorre/Documents/Apprenticeship/react-apprenticeship-capstone1/src/components/VideoRecomendationsList/VideoRecommendationsList.component.js","statementMap":{"0":{"start":{"line":6,"column":33},"end":{"line":20,"column":1}},"1":{"start":{"line":7,"column":30},"end":{"line":7,"column":61}},"2":{"start":{"line":8,"column":28},"end":{"line":11,"column":4}},"3":{"start":{"line":13,"column":21},"end":{"line":13,"column":61}},"4":{"start":{"line":15,"column":2},"end":{"line":19,"column":3}},"5":{"start":{"line":16,"column":4},"end":{"line":16,"column":29}},"6":{"start":{"line":18,"column":4},"end":{"line":18,"column":17}}},"fnMap":{"0":{"name":"(anonymous_0)","decl":{"start":{"line":6,"column":33},"end":{"line":6,"column":34}},"loc":{"start":{"line":6,"column":39},"end":{"line":20,"column":1}},"line":6}},"branchMap":{"0":{"loc":{"start":{"line":15,"column":2},"end":{"line":19,"column":3}},"type":"if","locations":[{"start":{"line":15,"column":2},"end":{"line":19,"column":3}},{"start":{"line":15,"column":2},"end":{"line":19,"column":3}}],"line":15}},"s":{"0":0,"1":0,"2":0,"3":0,"4":0,"5":0,"6":0},"f":{"0":0},"b":{"0":[0,0]},"hash":"4a6bf587fe47bc69bfc96d64b3d11217c4c10dc5"}
,"/Users/alma.alatorre/Documents/Apprenticeship/react-apprenticeship-capstone1/src/components/VideoRecomendationsList/index.js": {"path":"/Users/alma.alatorre/Documents/Apprenticeship/react-apprenticeship-capstone1/src/components/VideoRecomendationsList/index.js","statementMap":{},"fnMap":{},"branchMap":{},"s":{},"f":{},"b":{},"hash":"1e1d9985ebb6e2ec4ec0b40db590232814e19085"}
,"/Users/alma.alatorre/Documents/Apprenticeship/react-apprenticeship-capstone1/src/components/VideosContainer/VideosContainer.component.jsx": {"path":"/Users/alma.alatorre/Documents/Apprenticeship/react-apprenticeship-capstone1/src/components/VideosContainer/VideosContainer.component.jsx","statementMap":{"0":{"start":{"line":8,"column":24},"end":{"line":25,"column":1}},"1":{"start":{"line":9,"column":24},"end":{"line":9,"column":49}},"2":{"start":{"line":11,"column":21},"end":{"line":14,"column":4}},"3":{"start":{"line":15,"column":2},"end":{"line":15,"column":40}},"4":{"start":{"line":16,"column":21},"end":{"line":16,"column":54}},"5":{"start":{"line":18,"column":2},"end":{"line":24,"column":4}}},"fnMap":{"0":{"name":"(anonymous_0)","decl":{"start":{"line":8,"column":24},"end":{"line":8,"column":25}},"loc":{"start":{"line":8,"column":30},"end":{"line":25,"column":1}},"line":8}},"branchMap":{},"s":{"0":1,"1":1,"2":1,"3":1,"4":1,"5":1},"f":{"0":1},"b":{},"_coverageSchema":"43e27e138ebf9cfc5966b082cf9a028302ed4184","hash":"2a4b7371833fedacf7e6c21d662be43750b3ea65"}
,"/Users/alma.alatorre/Documents/Apprenticeship/react-apprenticeship-capstone1/src/components/VideosContainer/VideosContainer.styled.js": {"path":"/Users/alma.alatorre/Documents/Apprenticeship/react-apprenticeship-capstone1/src/components/VideosContainer/VideosContainer.styled.js","statementMap":{"0":{"start":{"line":3,"column":30},"end":{"line":14,"column":1}}},"fnMap":{},"branchMap":{},"s":{"0":1},"f":{},"b":{},"_coverageSchema":"43e27e138ebf9cfc5966b082cf9a028302ed4184","hash":"e3a740f4a1c093d06ec4bdd3b08053c49594b9e4"}
,"/Users/alma.alatorre/Documents/Apprenticeship/react-apprenticeship-capstone1/src/components/VideosContainer/index.js": {"path":"/Users/alma.alatorre/Documents/Apprenticeship/react-apprenticeship-capstone1/src/components/VideosContainer/index.js","statementMap":{},"fnMap":{},"branchMap":{},"s":{},"f":{},"b":{},"hash":"657a3462cb0abf8b2dd17d52f65d9a02d03edfa1"}
,"/Users/alma.alatorre/Documents/Apprenticeship/react-apprenticeship-capstone1/src/context/current-video-context.js": {"path":"/Users/alma.alatorre/Documents/Apprenticeship/react-apprenticeship-capstone1/src/context/current-video-context.js","statementMap":{"0":{"start":{"line":3,"column":28},"end":{"line":8,"column":2}}},"fnMap":{"0":{"name":"(anonymous_0)","decl":{"start":{"line":5,"column":15},"end":{"line":5,"column":16}},"loc":{"start":{"line":5,"column":27},"end":{"line":5,"column":29}},"line":5},"1":{"name":"(anonymous_1)","decl":{"start":{"line":7,"column":19},"end":{"line":7,"column":20}},"loc":{"start":{"line":7,"column":31},"end":{"line":7,"column":33}},"line":7}},"branchMap":{},"s":{"0":4},"f":{"0":0,"1":0},"b":{},"_coverageSchema":"43e27e138ebf9cfc5966b082cf9a028302ed4184","hash":"aea27ac11ef123084a4af6a56627a44bb2e222a7"}
,"/Users/alma.alatorre/Documents/Apprenticeship/react-apprenticeship-capstone1/src/context/search-context.js": {"path":"/Users/alma.alatorre/Documents/Apprenticeship/react-apprenticeship-capstone1/src/context/search-context.js","statementMap":{"0":{"start":{"line":3,"column":22},"end":{"line":6,"column":2}}},"fnMap":{"0":{"name":"(anonymous_0)","decl":{"start":{"line":5,"column":18},"end":{"line":5,"column":19}},"loc":{"start":{"line":5,"column":30},"end":{"line":5,"column":32}},"line":5}},"branchMap":{},"s":{"0":3},"f":{"0":0},"b":{},"_coverageSchema":"43e27e138ebf9cfc5966b082cf9a028302ed4184","hash":"d87037cc7477eaa21a0528c07848595ba9e702da"}
,"/Users/alma.alatorre/Documents/Apprenticeship/react-apprenticeship-capstone1/src/hooks/useFetchYoutubeVideos.js": {"path":"/Users/alma.alatorre/Documents/Apprenticeship/react-apprenticeship-capstone1/src/hooks/useFetchYoutubeVideos.js","statementMap":{"0":{"start":{"line":4,"column":30},"end":{"line":28,"column":1}},"1":{"start":{"line":5,"column":44},"end":{"line":5,"column":56}},"2":{"start":{"line":7,"column":17},"end":{"line":7,"column":58}},"3":{"start":{"line":8,"column":20},"end":{"line":8,"column":22}},"4":{"start":{"line":9,"column":17},"end":{"line":9,"column":19}},"5":{"start":{"line":11,"column":2},"end":{"line":15,"column":3}},"6":{"start":{"line":12,"column":4},"end":{"line":12,"column":173}},"7":{"start":{"line":14,"column":4},"end":{"line":14,"column":147}},"8":{"start":{"line":17,"column":2},"end":{"line":21,"column":17}},"9":{"start":{"line":18,"column":4},"end":{"line":20,"column":46}},"10":{"start":{"line":19,"column":26},"end":{"line":19,"column":41}},"11":{"start":{"line":20,"column":22},"end":{"line":20,"column":44}},"12":{"start":{"line":23,"column":2},"end":{"line":25,"column":3}},"13":{"start":{"line":24,"column":4},"end":{"line":24,"column":22}},"14":{"start":{"line":27,"column":2},"end":{"line":27,"column":23}}},"fnMap":{"0":{"name":"(anonymous_0)","decl":{"start":{"line":4,"column":30},"end":{"line":4,"column":31}},"loc":{"start":{"line":4,"column":41},"end":{"line":28,"column":1}},"line":4},"1":{"name":"(anonymous_1)","decl":{"start":{"line":17,"column":12},"end":{"line":17,"column":13}},"loc":{"start":{"line":17,"column":18},"end":{"line":21,"column":3}},"line":17},"2":{"name":"(anonymous_2)","decl":{"start":{"line":19,"column":12},"end":{"line":19,"column":13}},"loc":{"start":{"line":19,"column":26},"end":{"line":19,"column":41}},"line":19},"3":{"name":"(anonymous_3)","decl":{"start":{"line":20,"column":12},"end":{"line":20,"column":13}},"loc":{"start":{"line":20,"column":22},"end":{"line":20,"column":44}},"line":20}},"branchMap":{"0":{"loc":{"start":{"line":11,"column":2},"end":{"line":15,"column":3}},"type":"if","locations":[{"start":{"line":11,"column":2},"end":{"line":15,"column":3}},{"start":{"line":11,"column":2},"end":{"line":15,"column":3}}],"line":11},"1":{"loc":{"start":{"line":23,"column":2},"end":{"line":25,"column":3}},"type":"if","locations":[{"start":{"line":23,"column":2},"end":{"line":25,"column":3}},{"start":{"line":23,"column":2},"end":{"line":25,"column":3}}],"line":23}},"s":{"0":1,"1":1,"2":1,"3":1,"4":1,"5":1,"6":0,"7":1,"8":1,"9":1,"10":0,"11":0,"12":1,"13":0,"14":1},"f":{"0":1,"1":1,"2":0,"3":0},"b":{"0":[0,1],"1":[0,1]},"_coverageSchema":"43e27e138ebf9cfc5966b082cf9a028302ed4184","hash":"8dca3a15571796fdb0bbf04dc07b0be9a8b991cf"}
,"/Users/alma.alatorre/Documents/Apprenticeship/react-apprenticeship-capstone1/src/hooks/usePopulateVideoCards.js": {"path":"/Users/alma.alatorre/Documents/Apprenticeship/react-apprenticeship-capstone1/src/hooks/usePopulateVideoCards.js","statementMap":{"0":{"start":{"line":4,"column":30},"end":{"line":23,"column":1}},"1":{"start":{"line":5,"column":28},"end":{"line":5,"column":33}},"2":{"start":{"line":6,"column":20},"end":{"line":6,"column":25}},"3":{"start":{"line":8,"column":2},"end":{"line":20,"column":3}},"4":{"start":{"line":9,"column":4},"end":{"line":19,"column":7}},"5":{"start":{"line":10,"column":6},"end":{"line":18,"column":8}},"6":{"start":{"line":22,"column":2},"end":{"line":22,"column":29}}},"fnMap":{"0":{"name":"(anonymous_0)","decl":{"start":{"line":4,"column":30},"end":{"line":4,"column":31}},"loc":{"start":{"line":4,"column":41},"end":{"line":23,"column":1}},"line":4},"1":{"name":"(anonymous_1)","decl":{"start":{"line":9,"column":36},"end":{"line":9,"column":37}},"loc":{"start":{"line":9,"column":54},"end":{"line":19,"column":5}},"line":9}},"branchMap":{"0":{"loc":{"start":{"line":8,"column":2},"end":{"line":20,"column":3}},"type":"if","locations":[{"start":{"line":8,"column":2},"end":{"line":20,"column":3}},{"start":{"line":8,"column":2},"end":{"line":20,"column":3}}],"line":8},"1":{"loc":{"start":{"line":8,"column":6},"end":{"line":8,"column":31}},"type":"binary-expr","locations":[{"start":{"line":8,"column":6},"end":{"line":8,"column":11}},{"start":{"line":8,"column":15},"end":{"line":8,"column":31}}],"line":8}},"s":{"0":1,"1":1,"2":1,"3":1,"4":0,"5":0,"6":1},"f":{"0":1,"1":0},"b":{"0":[0,1],"1":[1,0]},"_coverageSchema":"43e27e138ebf9cfc5966b082cf9a028302ed4184","hash":"3503d8b090cd2bc71aff24b5871876b23963bd9b"}
,"/Users/alma.alatorre/Documents/Apprenticeship/react-apprenticeship-capstone1/src/utils/constants.js": {"path":"/Users/alma.alatorre/Documents/Apprenticeship/react-apprenticeship-capstone1/src/utils/constants.js","statementMap":{"0":{"start":{"line":1,"column":25},"end":{"line":1,"column":48}}},"fnMap":{},"branchMap":{},"s":{"0":0},"f":{},"b":{},"hash":"d5ce6a696b5346f38c6b47332a0861aa328d0301"}
,"/Users/alma.alatorre/Documents/Apprenticeship/react-apprenticeship-capstone1/src/utils/fns.js": {"path":"/Users/alma.alatorre/Documents/Apprenticeship/react-apprenticeship-capstone1/src/utils/fns.js","statementMap":{"0":{"start":{"line":2,"column":2},"end":{"line":2,"column":43}}},"fnMap":{"0":{"name":"random","decl":{"start":{"line":1,"column":9},"end":{"line":1,"column":15}},"loc":{"start":{"line":1,"column":23},"end":{"line":3,"column":1}},"line":1}},"branchMap":{},"s":{"0":0},"f":{"0":0},"b":{},"hash":"8cc5c81d5045d0eeef16d71840d1319a33e95a66"}
}
