{"/Users/suemartinez/Documents/capstones-projects/react-apprenticeship-capstone1/src/pages/Details/Details.page.jsx": {"path":"/Users/suemartinez/Documents/capstones-projects/react-apprenticeship-capstone1/src/pages/Details/Details.page.jsx","statementMap":{"0":{"start":{"line":24,"column":20},"end":{"line":182,"column":1}},"1":{"start":{"line":25,"column":17},"end":{"line":25,"column":28}},"2":{"start":{"line":26,"column":18},"end":{"line":26,"column":30}},"3":{"start":{"line":27,"column":28},"end":{"line":27,"column":37}},"4":{"start":{"line":28,"column":19},"end":{"line":28,"column":56}},"5":{"start":{"line":29,"column":19},"end":{"line":29,"column":40}},"6":{"start":{"line":30,"column":44},"end":{"line":30,"column":65}},"7":{"start":{"line":36,"column":6},"end":{"line":36,"column":16}},"8":{"start":{"line":37,"column":36},"end":{"line":37,"column":51}},"9":{"start":{"line":38,"column":30},"end":{"line":38,"column":49}},"10":{"start":{"line":43,"column":6},"end":{"line":43,"column":11}},"11":{"start":{"line":44,"column":21},"end":{"line":44,"column":37}},"12":{"start":{"line":45,"column":57},"end":{"line":45,"column":71}},"13":{"start":{"line":47,"column":29},"end":{"line":49,"column":3}},"14":{"start":{"line":48,"column":4},"end":{"line":48,"column":41}},"15":{"start":{"line":50,"column":2},"end":{"line":53,"column":9}},"16":{"start":{"line":51,"column":4},"end":{"line":51,"column":25}},"17":{"start":{"line":55,"column":2},"end":{"line":58,"column":31}},"18":{"start":{"line":56,"column":4},"end":{"line":56,"column":73}},"19":{"start":{"line":60,"column":2},"end":{"line":66,"column":31}},"20":{"start":{"line":62,"column":4},"end":{"line":63,"column":53}},"21":{"start":{"line":63,"column":6},"end":{"line":63,"column":53}},"22":{"start":{"line":64,"column":4},"end":{"line":64,"column":27}},"23":{"start":{"line":68,"column":2},"end":{"line":89,"column":30}},"24":{"start":{"line":69,"column":4},"end":{"line":84,"column":5}},"25":{"start":{"line":70,"column":6},"end":{"line":81,"column":7}},"26":{"start":{"line":71,"column":8},"end":{"line":77,"column":11}},"27":{"start":{"line":78,"column":8},"end":{"line":78,"column":48}},"28":{"start":{"line":80,"column":8},"end":{"line":80,"column":38}},"29":{"start":{"line":83,"column":6},"end":{"line":83,"column":25}},"30":{"start":{"line":85,"column":4},"end":{"line":87,"column":6}},"31":{"start":{"line":86,"column":6},"end":{"line":86,"column":25}},"32":{"start":{"line":91,"column":29},"end":{"line":102,"column":3}},"33":{"start":{"line":92,"column":4},"end":{"line":100,"column":7}},"34":{"start":{"line":101,"column":4},"end":{"line":101,"column":35}},"35":{"start":{"line":104,"column":2},"end":{"line":109,"column":6}},"36":{"start":{"line":105,"column":4},"end":{"line":109,"column":6}},"37":{"start":{"line":110,"column":2},"end":{"line":110,"column":61}},"38":{"start":{"line":110,"column":13},"end":{"line":110,"column":61}},"39":{"start":{"line":112,"column":2},"end":{"line":181,"column":4}},"40":{"start":{"line":138,"column":30},"end":{"line":138,"column":80}},"41":{"start":{"line":163,"column":18},"end":{"line":173,"column":19}},"42":{"start":{"line":166,"column":24},"end":{"line":166,"column":65}}},"fnMap":{"0":{"name":"(anonymous_0)","decl":{"start":{"line":24,"column":20},"end":{"line":24,"column":21}},"loc":{"start":{"line":24,"column":26},"end":{"line":182,"column":1}},"line":24},"1":{"name":"(anonymous_1)","decl":{"start":{"line":47,"column":29},"end":{"line":47,"column":30}},"loc":{"start":{"line":47,"column":35},"end":{"line":49,"column":3}},"line":47},"2":{"name":"(anonymous_2)","decl":{"start":{"line":50,"column":12},"end":{"line":50,"column":13}},"loc":{"start":{"line":50,"column":18},"end":{"line":53,"column":3}},"line":50},"3":{"name":"(anonymous_3)","decl":{"start":{"line":55,"column":12},"end":{"line":55,"column":13}},"loc":{"start":{"line":55,"column":18},"end":{"line":58,"column":3}},"line":55},"4":{"name":"(anonymous_4)","decl":{"start":{"line":60,"column":12},"end":{"line":60,"column":13}},"loc":{"start":{"line":60,"column":18},"end":{"line":66,"column":3}},"line":60},"5":{"name":"(anonymous_5)","decl":{"start":{"line":68,"column":12},"end":{"line":68,"column":13}},"loc":{"start":{"line":68,"column":18},"end":{"line":89,"column":3}},"line":68},"6":{"name":"(anonymous_6)","decl":{"start":{"line":85,"column":11},"end":{"line":85,"column":12}},"loc":{"start":{"line":85,"column":17},"end":{"line":87,"column":5}},"line":85},"7":{"name":"(anonymous_7)","decl":{"start":{"line":91,"column":29},"end":{"line":91,"column":30}},"loc":{"start":{"line":91,"column":43},"end":{"line":102,"column":3}},"line":91},"8":{"name":"(anonymous_8)","decl":{"start":{"line":137,"column":37},"end":{"line":137,"column":38}},"loc":{"start":{"line":138,"column":30},"end":{"line":138,"column":80}},"line":138},"9":{"name":"(anonymous_9)","decl":{"start":{"line":162,"column":41},"end":{"line":162,"column":42}},"loc":{"start":{"line":163,"column":18},"end":{"line":173,"column":19}},"line":163},"10":{"name":"(anonymous_10)","decl":{"start":{"line":165,"column":42},"end":{"line":165,"column":43}},"loc":{"start":{"line":166,"column":24},"end":{"line":166,"column":65}},"line":166}},"branchMap":{"0":{"loc":{"start":{"line":40,"column":19},"end":{"line":40,"column":59}},"type":"default-arg","locations":[{"start":{"line":40,"column":44},"end":{"line":40,"column":59}}],"line":40},"1":{"loc":{"start":{"line":62,"column":4},"end":{"line":63,"column":53}},"type":"if","locations":[{"start":{"line":62,"column":4},"end":{"line":63,"column":53}},{"start":{"line":62,"column":4},"end":{"line":63,"column":53}}],"line":62},"2":{"loc":{"start":{"line":70,"column":6},"end":{"line":81,"column":7}},"type":"if","locations":[{"start":{"line":70,"column":6},"end":{"line":81,"column":7}},{"start":{"line":70,"column":6},"end":{"line":81,"column":7}}],"line":70},"3":{"loc":{"start":{"line":104,"column":2},"end":{"line":109,"column":6}},"type":"if","locations":[{"start":{"line":104,"column":2},"end":{"line":109,"column":6}},{"start":{"line":104,"column":2},"end":{"line":109,"column":6}}],"line":104},"4":{"loc":{"start":{"line":110,"column":2},"end":{"line":110,"column":61}},"type":"if","locations":[{"start":{"line":110,"column":2},"end":{"line":110,"column":61}},{"start":{"line":110,"column":2},"end":{"line":110,"column":61}}],"line":110},"5":{"loc":{"start":{"line":115,"column":9},"end":{"line":178,"column":9}},"type":"cond-expr","locations":[{"start":{"line":116,"column":10},"end":{"line":118,"column":12}},{"start":{"line":120,"column":10},"end":{"line":177,"column":20}}],"line":115},"6":{"loc":{"start":{"line":117,"column":25},"end":{"line":117,"column":65}},"type":"cond-expr","locations":[{"start":{"line":117,"column":41},"end":{"line":117,"column":60}},{"start":{"line":117,"column":63},"end":{"line":117,"column":65}}],"line":117},"7":{"loc":{"start":{"line":131,"column":27},"end":{"line":133,"column":54}},"type":"cond-expr","locations":[{"start":{"line":132,"column":30},"end":{"line":132,"column":66}},{"start":{"line":133,"column":30},"end":{"line":133,"column":54}}],"line":131},"8":{"loc":{"start":{"line":135,"column":25},"end":{"line":150,"column":32}},"type":"cond-expr","locations":[{"start":{"line":136,"column":26},"end":{"line":149,"column":43}},{"start":{"line":150,"column":28},"end":{"line":150,"column":32}}],"line":135},"9":{"loc":{"start":{"line":138,"column":30},"end":{"line":138,"column":80}},"type":"cond-expr","locations":[{"start":{"line":138,"column":42},"end":{"line":138,"column":61}},{"start":{"line":138,"column":64},"end":{"line":138,"column":80}}],"line":138},"10":{"loc":{"start":{"line":143,"column":32},"end":{"line":145,"column":57}},"type":"cond-expr","locations":[{"start":{"line":144,"column":36},"end":{"line":144,"column":51}},{"start":{"line":145,"column":36},"end":{"line":145,"column":57}}],"line":143},"11":{"loc":{"start":{"line":148,"column":32},"end":{"line":148,"column":60}},"type":"cond-expr","locations":[{"start":{"line":148,"column":44},"end":{"line":148,"column":52}},{"start":{"line":148,"column":55},"end":{"line":148,"column":60}}],"line":148},"12":{"loc":{"start":{"line":153,"column":25},"end":{"line":155,"column":58}},"type":"cond-expr","locations":[{"start":{"line":154,"column":28},"end":{"line":154,"column":70}},{"start":{"line":155,"column":28},"end":{"line":155,"column":58}}],"line":153},"13":{"loc":{"start":{"line":163,"column":18},"end":{"line":173,"column":19}},"type":"cond-expr","locations":[{"start":{"line":163,"column":34},"end":{"line":163,"column":38}},{"start":{"line":164,"column":20},"end":{"line":172,"column":22}}],"line":163}},"s":{"0":0,"1":0,"2":0,"3":0,"4":0,"5":0,"6":0,"7":0,"8":0,"9":0,"10":0,"11":0,"12":0,"13":0,"14":0,"15":0,"16":0,"17":0,"18":0,"19":0,"20":0,"21":0,"22":0,"23":0,"24":0,"25":0,"26":0,"27":0,"28":0,"29":0,"30":0,"31":0,"32":0,"33":0,"34":0,"35":0,"36":0,"37":0,"38":0,"39":0,"40":0,"41":0,"42":0},"f":{"0":0,"1":0,"2":0,"3":0,"4":0,"5":0,"6":0,"7":0,"8":0,"9":0,"10":0},"b":{"0":[0],"1":[0,0],"2":[0,0],"3":[0,0],"4":[0,0],"5":[0,0],"6":[0,0],"7":[0,0],"8":[0,0],"9":[0,0],"10":[0,0],"11":[0,0],"12":[0,0],"13":[0,0]},"hash":"37132ed81a432995d7ae66ae2c7975a3a2dd34c2"}
}
