TN:
SF:/Users/alma.alatorre/Documents/Apprenticeship/react-apprenticeship-capstone1/src/index.js
FNF:0
FNH:0
DA:7,0
LF:1
LH:0
BRF:0
BRH:0
end_of_record
TN:
SF:/Users/alma.alatorre/Documents/Apprenticeship/react-apprenticeship-capstone1/src/components/App/App.component.jsx
FN:12,App
FNF:1
FNH:0
FNDA:0,App
DA:13,0
DA:14,0
DA:16,0
DA:18,0
DA:25,0
DA:31,0
LF:6
LH:0
BRDA:36,0,0,0
BRDA:36,0,1,0
BRDA:37,1,0,0
BRDA:37,1,1,0
BRDA:38,2,0,0
BRDA:38,2,1,0
BRF:6
BRH:0
end_of_record
TN:
SF:/Users/alma.alatorre/Documents/Apprenticeship/react-apprenticeship-capstone1/src/components/App/index.js
FNF:0
FNH:0
LF:0
LH:0
BRF:0
BRH:0
end_of_record
TN:
SF:/Users/alma.alatorre/Documents/Apprenticeship/react-apprenticeship-capstone1/src/components/BurgerMenu/BurgerMenu.component.jsx
FN:5,(anonymous_0)
FNF:1
FNH:1
FNDA:3,(anonymous_0)
DA:5,2
DA:6,3
LF:2
LH:2
BRF:0
BRH:0
end_of_record
TN:
SF:/Users/alma.alatorre/Documents/Apprenticeship/react-apprenticeship-capstone1/src/components/BurgerMenu/BurgerMenu.styled.js
FNF:0
FNH:0
DA:3,2
DA:16,2
LF:2
LH:2
BRF:0
BRH:0
end_of_record
TN:
SF:/Users/alma.alatorre/Documents/Apprenticeship/react-apprenticeship-capstone1/src/components/BurgerMenu/index.js
FNF:0
FNH:0
LF:0
LH:0
BRF:0
BRH:0
end_of_record
TN:
SF:/Users/alma.alatorre/Documents/Apprenticeship/react-apprenticeship-capstone1/src/components/DarkModeToggle/DarkModeToggle.component.jsx
FN:11,(anonymous_0)
FNF:1
FNH:1
FNDA:2,(anonymous_0)
DA:11,2
DA:12,2
LF:2
LH:2
BRF:0
BRH:0
end_of_record
TN:
SF:/Users/alma.alatorre/Documents/Apprenticeship/react-apprenticeship-capstone1/src/components/DarkModeToggle/DarkModeToggle.styled.js
FNF:0
FNH:0
DA:3,2
DA:12,2
DA:21,2
DA:34,2
DA:48,2
LF:5
LH:5
BRF:0
BRH:0
end_of_record
TN:
SF:/Users/alma.alatorre/Documents/Apprenticeship/react-apprenticeship-capstone1/src/components/DarkModeToggle/index.js
FNF:0
FNH:0
LF:0
LH:0
BRF:0
BRH:0
end_of_record
TN:
SF:/Users/alma.alatorre/Documents/Apprenticeship/react-apprenticeship-capstone1/src/components/Header/Header.component.jsx
FN:10,(anonymous_0)
FNF:1
FNH:1
FNDA:1,(anonymous_0)
DA:10,1
DA:11,1
LF:2
LH:2
BRF:0
BRH:0
end_of_record
TN:
SF:/Users/alma.alatorre/Documents/Apprenticeship/react-apprenticeship-capstone1/src/components/Header/Header.styled.js
FNF:0
FNH:0
DA:3,1
LF:1
LH:1
BRF:0
BRH:0
end_of_record
TN:
SF:/Users/alma.alatorre/Documents/Apprenticeship/react-apprenticeship-capstone1/src/components/Header/index.js
FNF:0
FNH:0
LF:0
LH:0
BRF:0
BRH:0
end_of_record
TN:
SF:/Users/alma.alatorre/Documents/Apprenticeship/react-apprenticeship-capstone1/src/components/Heading/Heading.component.jsx
FN:5,(anonymous_0)
FNF:1
FNH:1
FNDA:2,(anonymous_0)
DA:5,1
DA:6,2
LF:2
LH:2
BRF:0
BRH:0
end_of_record
TN:
SF:/Users/alma.alatorre/Documents/Apprenticeship/react-apprenticeship-capstone1/src/components/Heading/Heading.styled.js
FNF:0
FNH:0
DA:3,1
LF:1
LH:1
BRF:0
BRH:0
end_of_record
TN:
SF:/Users/alma.alatorre/Documents/Apprenticeship/react-apprenticeship-capstone1/src/components/Heading/index.js
FNF:0
FNH:0
LF:0
LH:0
BRF:0
BRH:0
end_of_record
TN:
SF:/Users/alma.alatorre/Documents/Apprenticeship/react-apprenticeship-capstone1/src/components/LoginAvatar/LoginAvatar.component.jsx
FN:6,(anonymous_0)
FNF:1
FNH:1
FNDA:2,(anonymous_0)
DA:6,2
DA:7,2
LF:2
LH:2
BRDA:9,0,0,1
BRDA:9,0,1,1
BRF:2
BRH:2
end_of_record
TN:
SF:/Users/alma.alatorre/Documents/Apprenticeship/react-apprenticeship-capstone1/src/components/LoginAvatar/LoginAvatar.styled.js
FNF:0
FNH:0
DA:3,2
LF:1
LH:1
BRF:0
BRH:0
end_of_record
TN:
SF:/Users/alma.alatorre/Documents/Apprenticeship/react-apprenticeship-capstone1/src/components/LoginAvatar/index.js
FNF:0
FNH:0
LF:0
LH:0
BRF:0
BRH:0
end_of_record
TN:
SF:/Users/alma.alatorre/Documents/Apprenticeship/react-apprenticeship-capstone1/src/components/MainContainer/MainContainer.component.jsx
FN:5,(anonymous_0)
FNF:1
FNH:1
FNDA:1,(anonymous_0)
DA:5,1
DA:6,1
LF:2
LH:2
BRF:0
BRH:0
end_of_record
TN:
SF:/Users/alma.alatorre/Documents/Apprenticeship/react-apprenticeship-capstone1/src/components/MainContainer/MainContainer.styled.js
FNF:0
FNH:0
DA:3,1
LF:1
LH:1
BRF:0
BRH:0
end_of_record
TN:
SF:/Users/alma.alatorre/Documents/Apprenticeship/react-apprenticeship-capstone1/src/components/MainContainer/index.js
FNF:0
FNH:0
LF:0
LH:0
BRF:0
BRH:0
end_of_record
TN:
SF:/Users/alma.alatorre/Documents/Apprenticeship/react-apprenticeship-capstone1/src/components/Private/Private.component.jsx
FN:7,Private
FN:13,(anonymous_1)
FNF:2
FNH:0
FNDA:0,Private
FNDA:0,(anonymous_1)
DA:8,0
DA:10,0
DA:13,0
LF:3
LH:0
BRDA:13,0,0,0
BRDA:13,0,1,0
BRF:2
BRH:0
end_of_record
TN:
SF:/Users/alma.alatorre/Documents/Apprenticeship/react-apprenticeship-capstone1/src/components/Private/index.js
FNF:0
FNH:0
LF:0
LH:0
BRF:0
BRH:0
end_of_record
TN:
SF:/Users/alma.alatorre/Documents/Apprenticeship/react-apprenticeship-capstone1/src/components/Searchbar/Searchbar.component.jsx
FN:7,(anonymous_0)
FN:12,(anonymous_1)
FN:26,(anonymous_2)
FNF:3
FNH:1
FNDA:2,(anonymous_0)
FNDA:0,(anonymous_1)
FNDA:0,(anonymous_2)
DA:7,2
DA:8,2
DA:9,2
DA:10,2
DA:12,2
DA:13,0
DA:14,0
DA:15,0
DA:16,0
DA:20,2
DA:27,0
LF:11
LH:6
BRDA:13,0,0,0
BRDA:13,0,1,0
BRF:2
BRH:0
end_of_record
TN:
SF:/Users/alma.alatorre/Documents/Apprenticeship/react-apprenticeship-capstone1/src/components/Searchbar/Searchbar.styled.js
FNF:0
FNH:0
DA:3,2
LF:1
LH:1
BRF:0
BRH:0
end_of_record
TN:
SF:/Users/alma.alatorre/Documents/Apprenticeship/react-apprenticeship-capstone1/src/components/Searchbar/index.js
FNF:0
FNH:0
LF:0
LH:0
BRF:0
BRH:0
end_of_record
TN:
SF:/Users/alma.alatorre/Documents/Apprenticeship/react-apprenticeship-capstone1/src/components/VideoCard/VideoCard.component.jsx
FN:11,(anonymous_0)
FN:13,(anonymous_1)
FNF:2
FNH:1
FNDA:4,(anonymous_0)
FNDA:0,(anonymous_1)
DA:11,2
DA:12,4
DA:13,4
DA:14,0
DA:19,0
DA:20,0
DA:23,4
LF:7
LH:4
BRF:0
BRH:0
end_of_record
TN:
SF:/Users/alma.alatorre/Documents/Apprenticeship/react-apprenticeship-capstone1/src/components/VideoCard/VideoCard.styled.js
FN:27,(anonymous_0)
FNF:1
FNH:1
FNDA:4,(anonymous_0)
DA:3,2
DA:19,2
DA:27,4
DA:30,2
DA:37,2
LF:5
LH:5
BRF:0
BRH:0
end_of_record
TN:
SF:/Users/alma.alatorre/Documents/Apprenticeship/react-apprenticeship-capstone1/src/components/VideoCard/index.js
FNF:0
FNH:0
LF:0
LH:0
BRF:0
BRH:0
end_of_record
TN:
SF:/Users/alma.alatorre/Documents/Apprenticeship/react-apprenticeship-capstone1/src/components/VideoDetailsCard/VideoDetailsCard.component.js
FN:4,(anonymous_0)
FNF:1
FNH:0
FNDA:0,(anonymous_0)
DA:4,0
DA:5,0
DA:6,0
LF:3
LH:0
BRF:0
BRH:0
end_of_record
TN:
SF:/Users/alma.alatorre/Documents/Apprenticeship/react-apprenticeship-capstone1/src/components/VideoDetailsCard/index.js
FNF:0
FNH:0
LF:0
LH:0
BRF:0
BRH:0
end_of_record
TN:
SF:/Users/alma.alatorre/Documents/Apprenticeship/react-apprenticeship-capstone1/src/components/VideoDetailsView/VideoDetailsView.component.js
FN:5,(anonymous_0)
FNF:1
FNH:0
FNDA:0,(anonymous_0)
DA:5,0
DA:6,0
LF:2
LH:0
BRF:0
BRH:0
end_of_record
TN:
SF:/Users/alma.alatorre/Documents/Apprenticeship/react-apprenticeship-capstone1/src/components/VideoDetailsView/index.js
FNF:0
FNH:0
LF:0
LH:0
BRF:0
BRH:0
end_of_record
TN:
SF:/Users/alma.alatorre/Documents/Apprenticeship/react-apprenticeship-capstone1/src/components/VideoRecomendationsList/VideoRecommendationsList.component.js
FN:6,(anonymous_0)
FNF:1
FNH:0
FNDA:0,(anonymous_0)
DA:6,0
DA:7,0
DA:8,0
DA:13,0
DA:15,0
DA:16,0
DA:18,0
LF:7
LH:0
BRDA:15,0,0,0
BRDA:15,0,1,0
BRF:2
BRH:0
end_of_record
TN:
SF:/Users/alma.alatorre/Documents/Apprenticeship/react-apprenticeship-capstone1/src/components/VideoRecomendationsList/index.js
FNF:0
FNH:0
LF:0
LH:0
BRF:0
BRH:0
end_of_record
TN:
SF:/Users/alma.alatorre/Documents/Apprenticeship/react-apprenticeship-capstone1/src/components/VideosContainer/VideosContainer.component.jsx
FN:8,(anonymous_0)
FNF:1
FNH:1
FNDA:1,(anonymous_0)
DA:8,1
DA:9,1
DA:11,1
DA:15,1
DA:16,1
DA:18,1
LF:6
LH:6
BRF:0
BRH:0
end_of_record
TN:
SF:/Users/alma.alatorre/Documents/Apprenticeship/react-apprenticeship-capstone1/src/components/VideosContainer/VideosContainer.styled.js
FNF:0
FNH:0
DA:3,1
LF:1
LH:1
BRF:0
BRH:0
end_of_record
TN:
SF:/Users/alma.alatorre/Documents/Apprenticeship/react-apprenticeship-capstone1/src/components/VideosContainer/index.js
FNF:0
FNH:0
LF:0
LH:0
BRF:0
BRH:0
end_of_record
TN:
SF:/Users/alma.alatorre/Documents/Apprenticeship/react-apprenticeship-capstone1/src/context/current-video-context.js
FN:5,(anonymous_0)
FN:7,(anonymous_1)
FNF:2
FNH:0
FNDA:0,(anonymous_0)
FNDA:0,(anonymous_1)
DA:3,4
LF:1
LH:1
BRF:0
BRH:0
end_of_record
TN:
SF:/Users/alma.alatorre/Documents/Apprenticeship/react-apprenticeship-capstone1/src/context/search-context.js
FN:5,(anonymous_0)
FNF:1
FNH:0
FNDA:0,(anonymous_0)
DA:3,3
LF:1
LH:1
BRF:0
BRH:0
end_of_record
TN:
SF:/Users/alma.alatorre/Documents/Apprenticeship/react-apprenticeship-capstone1/src/hooks/useFetchYoutubeVideos.js
FN:4,(anonymous_0)
FN:17,(anonymous_1)
FN:19,(anonymous_2)
FN:20,(anonymous_3)
FNF:4
FNH:2
FNDA:1,(anonymous_0)
FNDA:1,(anonymous_1)
FNDA:0,(anonymous_2)
FNDA:0,(anonymous_3)
DA:4,1
DA:5,1
DA:7,1
DA:8,1
DA:9,1
DA:11,1
DA:12,0
DA:14,1
DA:17,1
DA:18,1
DA:19,0
DA:20,0
DA:23,1
DA:24,0
DA:27,1
LF:15
LH:11
BRDA:11,0,0,0
BRDA:11,0,1,1
BRDA:23,1,0,0
BRDA:23,1,1,1
BRF:4
BRH:2
end_of_record
TN:
SF:/Users/alma.alatorre/Documents/Apprenticeship/react-apprenticeship-capstone1/src/hooks/usePopulateVideoCards.js
FN:4,(anonymous_0)
FN:9,(anonymous_1)
FNF:2
FNH:1
FNDA:1,(anonymous_0)
FNDA:0,(anonymous_1)
DA:4,1
DA:5,1
DA:6,1
DA:8,1
DA:9,0
DA:10,0
DA:22,1
LF:7
LH:5
BRDA:8,0,0,0
BRDA:8,0,1,1
BRDA:8,1,0,1
BRDA:8,1,1,0
BRF:4
BRH:2
end_of_record
TN:
SF:/Users/alma.alatorre/Documents/Apprenticeship/react-apprenticeship-capstone1/src/utils/constants.js
FNF:0
FNH:0
DA:1,0
LF:1
LH:0
BRF:0
BRH:0
end_of_record
TN:
SF:/Users/alma.alatorre/Documents/Apprenticeship/react-apprenticeship-capstone1/src/utils/fns.js
FN:1,random
FNF:1
FNH:0
FNDA:0,random
DA:2,0
LF:1
LH:0
BRF:0
BRH:0
end_of_record
